This is pdfTeX, Version 3.14159265-2.6-1.40.21 (TeX Live 2020/W32TeX) (preloaded format=pdflatex 2020.12.13)  9 FEB 2021 11:49
entering extended mode
 restricted \write18 enabled.
 %&-line parsing enabled.
**009-appendices.tex
(./009-appendices.tex
LaTeX2e <2020-10-01> patch level 2
L3 programming layer <2020-12-07> xparse <2020-03-03> (c:/Users/henry/AppData/R
oaming/TinyTeX/texmf-dist/tex/latex/base/article.cls
Document Class: article 2020/04/10 v1.4m Standard LaTeX document class
(c:/Users/henry/AppData/Roaming/TinyTeX/texmf-dist/tex/latex/base/size12.clo
File: size12.clo 2020/04/10 v1.4m Standard LaTeX file (size option)
)
\c@part=\count177
\c@section=\count178
\c@subsection=\count179
\c@subsubsection=\count180
\c@paragraph=\count181
\c@subparagraph=\count182
\c@figure=\count183
\c@table=\count184
\abovecaptionskip=\skip47
\belowcaptionskip=\skip48
\bibindent=\dimen138
) (c:/Users/henry/AppData/Roaming/TinyTeX/texmf-dist/tex/latex/lm/lmodern.sty
Package: lmodern 2009/10/30 v1.6 Latin Modern Fonts
LaTeX Font Info:    Overwriting symbol font `operators' in version `normal'
(Font)                  OT1/cmr/m/n --> OT1/lmr/m/n on input line 22.
LaTeX Font Info:    Overwriting symbol font `letters' in version `normal'
(Font)                  OML/cmm/m/it --> OML/lmm/m/it on input line 23.
LaTeX Font Info:    Overwriting symbol font `symbols' in version `normal'
(Font)                  OMS/cmsy/m/n --> OMS/lmsy/m/n on input line 24.
LaTeX Font Info:    Overwriting symbol font `largesymbols' in version `normal'
(Font)                  OMX/cmex/m/n --> OMX/lmex/m/n on input line 25.
LaTeX Font Info:    Overwriting symbol font `operators' in version `bold'
(Font)                  OT1/cmr/bx/n --> OT1/lmr/bx/n on input line 26.
LaTeX Font Info:    Overwriting symbol font `letters' in version `bold'
(Font)                  OML/cmm/b/it --> OML/lmm/b/it on input line 27.
LaTeX Font Info:    Overwriting symbol font `symbols' in version `bold'
(Font)                  OMS/cmsy/b/n --> OMS/lmsy/b/n on input line 28.
LaTeX Font Info:    Overwriting symbol font `largesymbols' in version `bold'
(Font)                  OMX/cmex/m/n --> OMX/lmex/m/n on input line 29.
LaTeX Font Info:    Overwriting math alphabet `\mathbf' in version `normal'
(Font)                  OT1/cmr/bx/n --> OT1/lmr/bx/n on input line 31.
LaTeX Font Info:    Overwriting math alphabet `\mathsf' in version `normal'
(Font)                  OT1/cmss/m/n --> OT1/lmss/m/n on input line 32.
LaTeX Font Info:    Overwriting math alphabet `\mathit' in version `normal'
(Font)                  OT1/cmr/m/it --> OT1/lmr/m/it on input line 33.
LaTeX Font Info:    Overwriting math alphabet `\mathtt' in version `normal'
(Font)                  OT1/cmtt/m/n --> OT1/lmtt/m/n on input line 34.
LaTeX Font Info:    Overwriting math alphabet `\mathbf' in version `bold'
(Font)                  OT1/cmr/bx/n --> OT1/lmr/bx/n on input line 35.
LaTeX Font Info:    Overwriting math alphabet `\mathsf' in version `bold'
(Font)                  OT1/cmss/bx/n --> OT1/lmss/bx/n on input line 36.
LaTeX Font Info:    Overwriting math alphabet `\mathit' in version `bold'
(Font)                  OT1/cmr/bx/it --> OT1/lmr/bx/it on input line 37.
LaTeX Font Info:    Overwriting math alphabet `\mathtt' in version `bold'
(Font)                  OT1/cmtt/m/n --> OT1/lmtt/m/n on input line 38.
)
(c:/Users/henry/AppData/Roaming/TinyTeX/texmf-dist/tex/latex/amsfonts/amssymb.s
ty
Package: amssymb 2013/01/14 v3.01 AMS font symbols

(c:/Users/henry/AppData/Roaming/TinyTeX/texmf-dist/tex/latex/amsfonts/amsfonts.
sty
Package: amsfonts 2013/01/14 v3.01 Basic AMSFonts support
\@emptytoks=\toks15
\symAMSa=\mathgroup4
\symAMSb=\mathgroup5
LaTeX Font Info:    Redeclaring math symbol \hbar on input line 98.
LaTeX Font Info:    Overwriting math alphabet `\mathfrak' in version `bold'
(Font)                  U/euf/m/n --> U/euf/b/n on input line 106.
))
(c:/Users/henry/AppData/Roaming/TinyTeX/texmf-dist/tex/latex/amsmath/amsmath.st
y
Package: amsmath 2020/09/23 v2.17i AMS math features
\@mathmargin=\skip49
For additional information on amsmath, use the `?' option.

(c:/Users/henry/AppData/Roaming/TinyTeX/texmf-dist/tex/latex/amsmath/amstext.st
y
Package: amstext 2000/06/29 v2.01 AMS text

(c:/Users/henry/AppData/Roaming/TinyTeX/texmf-dist/tex/latex/amsmath/amsgen.sty
File: amsgen.sty 1999/11/30 v2.0 generic functions
\@emptytoks=\toks16
\ex@=\dimen139
))
(c:/Users/henry/AppData/Roaming/TinyTeX/texmf-dist/tex/latex/amsmath/amsbsy.sty
Package: amsbsy 1999/11/29 v1.2d Bold Symbols
\pmbraise@=\dimen140
)
(c:/Users/henry/AppData/Roaming/TinyTeX/texmf-dist/tex/latex/amsmath/amsopn.sty
Package: amsopn 2016/03/08 v2.02 operator names
)
\inf@bad=\count185
LaTeX Info: Redefining \frac on input line 234.
\uproot@=\count186
\leftroot@=\count187
LaTeX Info: Redefining \overline on input line 399.
\classnum@=\count188
\DOTSCASE@=\count189
LaTeX Info: Redefining \ldots on input line 496.
LaTeX Info: Redefining \dots on input line 499.
LaTeX Info: Redefining \cdots on input line 620.
\Mathstrutbox@=\box47
\strutbox@=\box48
\big@size=\dimen141
LaTeX Font Info:    Redeclaring font encoding OML on input line 743.
LaTeX Font Info:    Redeclaring font encoding OMS on input line 744.
\macc@depth=\count190
\c@MaxMatrixCols=\count191
\dotsspace@=\muskip16
\c@parentequation=\count192
\dspbrk@lvl=\count193
\tag@help=\toks17
\row@=\count194
\column@=\count195
\maxfields@=\count196
\andhelp@=\toks18
\eqnshift@=\dimen142
\alignsep@=\dimen143
\tagshift@=\dimen144
\tagwidth@=\dimen145
\totwidth@=\dimen146
\lineht@=\dimen147
\@envbody=\toks19
\multlinegap=\skip50
\multlinetaggap=\skip51
\mathdisplay@stack=\toks20
LaTeX Info: Redefining \[ on input line 2923.
LaTeX Info: Redefining \] on input line 2924.
)
(c:/Users/henry/AppData/Roaming/TinyTeX/texmf-dist/tex/generic/iftex/ifxetex.st
y
Package: ifxetex 2019/10/25 v0.7 ifxetex legacy package. Use iftex instead.
(c:/Users/henry/AppData/Roaming/TinyTeX/texmf-dist/tex/generic/iftex/iftex.sty
Package: iftex 2020/03/06 v1.0d TeX engine tests
))
(c:/Users/henry/AppData/Roaming/TinyTeX/texmf-dist/tex/generic/iftex/ifluatex.s
ty
Package: ifluatex 2019/10/25 v1.5 ifluatex legacy package. Use iftex instead.
) (c:/Users/henry/AppData/Roaming/TinyTeX/texmf-dist/tex/latex/base/fontenc.sty
Package: fontenc 2020/08/10 v2.0s Standard LaTeX package
LaTeX Font Info:    Trying to load font information for T1+lmr on input line 11
2.
(c:/Users/henry/AppData/Roaming/TinyTeX/texmf-dist/tex/latex/lm/t1lmr.fd
File: t1lmr.fd 2009/10/30 v1.6 Font defs for Latin Modern
)) (c:/Users/henry/AppData/Roaming/TinyTeX/texmf-dist/tex/latex/base/inputenc.s
ty
Package: inputenc 2020/08/01 v1.3d Input encoding file
\inpenc@prehook=\toks21
\inpenc@posthook=\toks22
) (c:/Users/henry/AppData/Roaming/TinyTeX/texmf-dist/tex/latex/base/textcomp.st
y
Package: textcomp 2020/02/02 v2.0n Standard LaTeX package
)
(c:/Users/henry/AppData/Roaming/TinyTeX/texmf-dist/tex/latex/microtype/microtyp
e.sty
Package: microtype 2020/12/07 v2.8 Micro-typographical refinements (RS)

(c:/Users/henry/AppData/Roaming/TinyTeX/texmf-dist/tex/latex/graphics/keyval.st
y
Package: keyval 2014/10/28 v1.15 key=value parser (DPC)
\KV@toks@=\toks23
)
\MT@toks=\toks24
\MT@count=\count197
LaTeX Info: Redefining \textls on input line 788.
\MT@outer@kern=\dimen148
LaTeX Info: Redefining \textmicrotypecontext on input line 1358.
\MT@listname@count=\count198

(c:/Users/henry/AppData/Roaming/TinyTeX/texmf-dist/tex/latex/microtype/microtyp
e-pdftex.def
File: microtype-pdftex.def 2020/12/07 v2.8 Definitions specific to pdftex (RS)
LaTeX Info: Redefining \lsstyle on input line 915.
LaTeX Info: Redefining \lslig on input line 915.
\MT@outer@space=\skip52
)
Package microtype Info: Loading configuration file microtype.cfg.

(c:/Users/henry/AppData/Roaming/TinyTeX/texmf-dist/tex/latex/microtype/microtyp
e.cfg
File: microtype.cfg 2020/12/07 v2.8 microtype main configuration file (RS)
)) (c:/Users/henry/AppData/Roaming/TinyTeX/texmf-dist/tex/latex/xcolor/xcolor.s
ty
Package: xcolor 2016/05/11 v2.12 LaTeX color extensions (UK)

(c:/Users/henry/AppData/Roaming/TinyTeX/texmf-dist/tex/latex/graphics-cfg/color
.cfg
File: color.cfg 2016/01/02 v1.6 sample color configuration
)
Package xcolor Info: Driver file: pdftex.def on input line 225.

(c:/Users/henry/AppData/Roaming/TinyTeX/texmf-dist/tex/latex/graphics-def/pdfte
x.def
File: pdftex.def 2020/10/05 v1.2a Graphics/color driver for pdftex
)
Package xcolor Info: Model `cmy' substituted by `cmy0' on input line 1348.
Package xcolor Info: Model `hsb' substituted by `rgb' on input line 1352.
Package xcolor Info: Model `RGB' extended on input line 1364.
Package xcolor Info: Model `HTML' substituted by `rgb' on input line 1366.
Package xcolor Info: Model `Hsb' substituted by `hsb' on input line 1367.
Package xcolor Info: Model `tHsb' substituted by `hsb' on input line 1368.
Package xcolor Info: Model `HSB' substituted by `hsb' on input line 1369.
Package xcolor Info: Model `Gray' substituted by `gray' on input line 1370.
Package xcolor Info: Model `wave' substituted by `hsb' on input line 1371.

(c:/Users/henry/AppData/Roaming/TinyTeX/texmf-dist/tex/latex/graphics/dvipsnam.
def
File: dvipsnam.def 2016/06/17 v3.0m Driver-dependent file (DPC,SPQR)
) (c:/Users/henry/AppData/Roaming/TinyTeX/texmf-dist/tex/latex/xcolor/svgnam.de
f
File: svgnam.def 2016/05/11 v2.12 Predefined colors according to SVG 1.1 (UK)
) (c:/Users/henry/AppData/Roaming/TinyTeX/texmf-dist/tex/latex/xcolor/x11nam.de
f
File: x11nam.def 2016/05/11 v2.12 Predefined colors according to Unix/X11 (UK)
))
(c:/Users/henry/AppData/Roaming/TinyTeX/texmf-dist/tex/latex/hyperref/hyperref.
sty
Package: hyperref 2020-05-15 v7.00e Hypertext links for LaTeX

(c:/Users/henry/AppData/Roaming/TinyTeX/texmf-dist/tex/generic/ltxcmds/ltxcmds.
sty
Package: ltxcmds 2020-05-10 v1.25 LaTeX kernel commands for general use (HO)
)
(c:/Users/henry/AppData/Roaming/TinyTeX/texmf-dist/tex/generic/pdftexcmds/pdfte
xcmds.sty
Package: pdftexcmds 2020-06-27 v0.33 Utility functions of pdfTeX for LuaTeX (HO
)

(c:/Users/henry/AppData/Roaming/TinyTeX/texmf-dist/tex/generic/infwarerr/infwar
err.sty
Package: infwarerr 2019/12/03 v1.5 Providing info/warning/error messages (HO)
)
Package pdftexcmds Info: \pdf@primitive is available.
Package pdftexcmds Info: \pdf@ifprimitive is available.
Package pdftexcmds Info: \pdfdraftmode found.
)
(c:/Users/henry/AppData/Roaming/TinyTeX/texmf-dist/tex/generic/kvsetkeys/kvsetk
eys.sty
Package: kvsetkeys 2019/12/15 v1.18 Key value parser (HO)
)
(c:/Users/henry/AppData/Roaming/TinyTeX/texmf-dist/tex/generic/kvdefinekeys/kvd
efinekeys.sty
Package: kvdefinekeys 2019-12-19 v1.6 Define keys (HO)
)
(c:/Users/henry/AppData/Roaming/TinyTeX/texmf-dist/tex/generic/pdfescape/pdfesc
ape.sty
Package: pdfescape 2019/12/09 v1.15 Implements pdfTeX's escape features (HO)
)
(c:/Users/henry/AppData/Roaming/TinyTeX/texmf-dist/tex/latex/hycolor/hycolor.st
y
Package: hycolor 2020-01-27 v1.10 Color options for hyperref/bookmark (HO)
)
(c:/Users/henry/AppData/Roaming/TinyTeX/texmf-dist/tex/latex/letltxmacro/letltx
macro.sty
Package: letltxmacro 2019/12/03 v1.6 Let assignment for LaTeX macros (HO)
)
(c:/Users/henry/AppData/Roaming/TinyTeX/texmf-dist/tex/latex/auxhook/auxhook.st
y
Package: auxhook 2019-12-17 v1.6 Hooks for auxiliary files (HO)
)
(c:/Users/henry/AppData/Roaming/TinyTeX/texmf-dist/tex/latex/kvoptions/kvoption
s.sty
Package: kvoptions 2020-10-07 v3.14 Key value format for package options (HO)
)
\@linkdim=\dimen149
\Hy@linkcounter=\count199
\Hy@pagecounter=\count266

(c:/Users/henry/AppData/Roaming/TinyTeX/texmf-dist/tex/latex/hyperref/pd1enc.de
f
File: pd1enc.def 2020-05-15 v7.00e Hyperref: PDFDocEncoding definition (HO)
Now handling font encoding PD1 ...
... no UTF-8 mapping file for font encoding PD1
)
(c:/Users/henry/AppData/Roaming/TinyTeX/texmf-dist/tex/generic/intcalc/intcalc.
sty
Package: intcalc 2019/12/15 v1.3 Expandable calculations with integers (HO)
)
(c:/Users/henry/AppData/Roaming/TinyTeX/texmf-dist/tex/generic/etexcmds/etexcmd
s.sty
Package: etexcmds 2019/12/15 v1.7 Avoid name clashes with e-TeX commands (HO)
)
\Hy@SavedSpaceFactor=\count267
Package hyperref Info: Option `unicode' set `true' on input line 4338.

(c:/Users/henry/AppData/Roaming/TinyTeX/texmf-dist/tex/latex/hyperref/puenc.def
File: puenc.def 2020-05-15 v7.00e Hyperref: PDF Unicode definition (HO)
Now handling font encoding PU ...
... no UTF-8 mapping file for font encoding PU
)
Package hyperref Info: Hyper figures OFF on input line 4464.
Package hyperref Info: Link nesting OFF on input line 4469.
Package hyperref Info: Hyper index ON on input line 4472.
Package hyperref Info: Plain pages OFF on input line 4479.
Package hyperref Info: Backreferencing OFF on input line 4484.
Package hyperref Info: Implicit mode ON; LaTeX internals redefined.
Package hyperref Info: Bookmarks ON on input line 4717.
\c@Hy@tempcnt=\count268
(c:/Users/henry/AppData/Roaming/TinyTeX/texmf-dist/tex/latex/url/url.sty
\Urlmuskip=\muskip17
Package: url 2013/09/16  ver 3.4  Verb mode for urls, etc.
)
LaTeX Info: Redefining \url on input line 5076.
\XeTeXLinkMargin=\dimen150

(c:/Users/henry/AppData/Roaming/TinyTeX/texmf-dist/tex/generic/bitset/bitset.st
y
Package: bitset 2019/12/09 v1.3 Handle bit-vector datatype (HO)

(c:/Users/henry/AppData/Roaming/TinyTeX/texmf-dist/tex/generic/bigintcalc/bigin
tcalc.sty
Package: bigintcalc 2019/12/15 v1.5 Expandable calculations on big integers (HO
)
))
\Fld@menulength=\count269
\Field@Width=\dimen151
\Fld@charsize=\dimen152
Package hyperref Info: Hyper figures OFF on input line 6347.
Package hyperref Info: Link nesting OFF on input line 6352.
Package hyperref Info: Hyper index ON on input line 6355.
Package hyperref Info: backreferencing OFF on input line 6362.
Package hyperref Info: Link coloring OFF on input line 6367.
Package hyperref Info: Link coloring with OCG OFF on input line 6372.
Package hyperref Info: PDF/A mode OFF on input line 6377.
LaTeX Info: Redefining \ref on input line 6417.
LaTeX Info: Redefining \pageref on input line 6421.

(c:/Users/henry/AppData/Roaming/TinyTeX/texmf-dist/tex/latex/base/atbegshi-ltx.
sty
Package: atbegshi-ltx 2020/08/17 v1.0a Emulation of the original atbegshi packa
ge
with kernel methods
)
\Hy@abspage=\count270
\c@Item=\count271
\c@Hfootnote=\count272
)
Package hyperref Info: Driver (autodetected): hpdftex.

(c:/Users/henry/AppData/Roaming/TinyTeX/texmf-dist/tex/latex/hyperref/hpdftex.d
ef
File: hpdftex.def 2020-05-15 v7.00e Hyperref driver for pdfTeX

(c:/Users/henry/AppData/Roaming/TinyTeX/texmf-dist/tex/latex/base/atveryend-ltx
.sty
Package: atveryend-ltx 2020/08/19 v1.0a Emulation of the original atvery packag
e
with kernel methods
)
\Fld@listcount=\count273
\c@bookmark@seq@number=\count274

(c:/Users/henry/AppData/Roaming/TinyTeX/texmf-dist/tex/latex/rerunfilecheck/rer
unfilecheck.sty
Package: rerunfilecheck 2019/12/05 v1.9 Rerun checks for auxiliary files (HO)

(c:/Users/henry/AppData/Roaming/TinyTeX/texmf-dist/tex/generic/uniquecounter/un
iquecounter.sty
Package: uniquecounter 2019/12/15 v1.4 Provide unlimited unique counter (HO)
)
Package uniquecounter Info: New unique counter `rerunfilecheck' on input line 2
86.
)
\Hy@SectionHShift=\skip53
)
Package hyperref Info: Option `colorlinks' set `true' on input line 37.

(c:/Users/henry/AppData/Roaming/TinyTeX/texmf-dist/tex/latex/geometry/geometry.
sty
Package: geometry 2020/01/02 v5.9 Page Geometry

(c:/Users/henry/AppData/Roaming/TinyTeX/texmf-dist/tex/generic/iftex/ifvtex.sty
Package: ifvtex 2019/10/25 v1.7 ifvtex legacy package. Use iftex instead.
)
\Gm@cnth=\count275
\Gm@cntv=\count276
\c@Gm@tempcnt=\count277
\Gm@bindingoffset=\dimen153
\Gm@wd@mp=\dimen154
\Gm@odd@mp=\dimen155
\Gm@even@mp=\dimen156
\Gm@layoutwidth=\dimen157
\Gm@layoutheight=\dimen158
\Gm@layouthoffset=\dimen159
\Gm@layoutvoffset=\dimen160
\Gm@dimlist=\toks25
)
(c:/Users/henry/AppData/Roaming/TinyTeX/texmf-dist/tex/latex/tools/longtable.st
y
Package: longtable 2020/01/07 v4.13 Multi-page Table package (DPC)
\LTleft=\skip54
\LTright=\skip55
\LTpre=\skip56
\LTpost=\skip57
\LTchunksize=\count278
\LTcapwidth=\dimen161
\LT@head=\box49
\LT@firsthead=\box50
\LT@foot=\box51
\LT@lastfoot=\box52
\LT@cols=\count279
\LT@rows=\count280
\c@LT@tables=\count281
\c@LT@chunks=\count282
\LT@p@ftn=\toks26
)
(c:/Users/henry/AppData/Roaming/TinyTeX/texmf-dist/tex/latex/booktabs/booktabs.
sty
Package: booktabs 2020/01/12 v1.61803398 Publication quality tables
\heavyrulewidth=\dimen162
\lightrulewidth=\dimen163
\cmidrulewidth=\dimen164
\belowrulesep=\dimen165
\belowbottomsep=\dimen166
\aboverulesep=\dimen167
\abovetopsep=\dimen168
\cmidrulesep=\dimen169
\cmidrulekern=\dimen170
\defaultaddspace=\dimen171
\@cmidla=\count283
\@cmidlb=\count284
\@aboverulesep=\dimen172
\@belowrulesep=\dimen173
\@thisruleclass=\count285
\@lastruleclass=\count286
\@thisrulewidth=\dimen174
)
(c:/Users/henry/AppData/Roaming/TinyTeX/texmf-dist/tex/latex/etoolbox/etoolbox.
sty
Package: etoolbox 2020/10/05 v2.5k e-TeX tools for LaTeX (JAW)
\etb@tempcnta=\count287
)
(c:/Users/henry/AppData/Roaming/TinyTeX/texmf-dist/tex/latex/mdwtools/footnote.
sty
Package: footnote 1997/01/28 1.13 Save footnotes around boxes
\fn@notes=\box53
\fn@width=\dimen175
)
(c:/Users/henry/AppData/Roaming/TinyTeX/texmf-dist/tex/latex/graphics/graphicx.
sty
Package: graphicx 2020/09/09 v1.2b Enhanced LaTeX Graphics (DPC,SPQR)

(c:/Users/henry/AppData/Roaming/TinyTeX/texmf-dist/tex/latex/graphics/graphics.
sty
Package: graphics 2020/08/30 v1.4c Standard LaTeX Graphics (DPC,SPQR)
(c:/Users/henry/AppData/Roaming/TinyTeX/texmf-dist/tex/latex/graphics/trig.sty
Package: trig 2016/01/03 v1.10 sin cos tan (DPC)
)
(c:/Users/henry/AppData/Roaming/TinyTeX/texmf-dist/tex/latex/graphics-cfg/graph
ics.cfg
File: graphics.cfg 2016/06/04 v1.11 sample graphics configuration
)
Package graphics Info: Driver file: pdftex.def on input line 105.
)
\Gin@req@height=\dimen176
\Gin@req@width=\dimen177
)
(c:/Users/henry/AppData/Roaming/TinyTeX/texmf-dist/tex/latex/grffile/grffile.st
y
Package: grffile 2019/11/11 v2.1 Extended file name support for graphics (legac
y)
Package grffile Info: This package is an empty stub for compatibility on input 
line 40.
)
(c:/Users/henry/AppData/Roaming/TinyTeX/texmf-dist/tex/latex/placeins/placeins.
sty
Package: placeins 2005/04/18  v 2.2
)
(c:/Users/henry/AppData/Roaming/TinyTeX/texmf-dist/tex/latex/setspace/setspace.
sty
Package: setspace 2011/12/19 v6.7a set line spacing
)
(c:/Users/henry/AppData/Roaming/TinyTeX/texmf-dist/tex/latex/chngcntr/chngcntr.
sty
Package: chngcntr 2018/04/09 v1.1a change counter resetting
Package chngcntr Info: \counterwithout already defined.
(chngcntr)             Quitting chngcntr on input line 21.
) (c:/Users/henry/AppData/Roaming/TinyTeX/texmf-dist/tex/latex/float/float.sty
Package: float 2001/11/08 v1.3d Float enhancements (AL)
\c@float@type=\count288
\float@exts=\toks27
\float@box=\box54
\@float@everytoks=\toks28
\@floatcapt=\box55
) (c:/Users/henry/AppData/Roaming/TinyTeX/texmf-dist/tex/latex/tools/array.sty
Package: array 2020/10/01 v2.5c Tabular extension package (FMi)
\col@sep=\dimen178
\ar@mcellbox=\box56
\extrarowheight=\dimen179
\NC@list=\toks29
\extratabsurround=\skip58
\backup@length=\skip59
\ar@cellbox=\box57
)
(c:/Users/henry/AppData/Roaming/TinyTeX/texmf-dist/tex/latex/multirow/multirow.
sty
Package: multirow 2019/05/31 v2.5 Span multiple rows of a table
\multirow@colwidth=\skip60
\multirow@cntb=\count289
\multirow@dima=\skip61
\bigstrutjot=\dimen180
)
(c:/Users/henry/AppData/Roaming/TinyTeX/texmf-dist/tex/latex/wrapfig/wrapfig.st
y
\wrapoverhang=\dimen181
\WF@size=\dimen182
\c@WF@wrappedlines=\count290
\WF@box=\box58
\WF@everypar=\toks30
Package: wrapfig 2003/01/31  v 3.6
)
(c:/Users/henry/AppData/Roaming/TinyTeX/texmf-dist/tex/latex/colortbl/colortbl.
sty
Package: colortbl 2020/01/04 v1.0e Color table columns (DPC)
\everycr=\toks31
\minrowclearance=\skip62
)
(c:/Users/henry/AppData/Roaming/TinyTeX/texmf-dist/tex/latex/pdflscape/pdflscap
e.sty
Package: pdflscape 2019/12/05 v0.12 Display of landscape pages in PDF (HO)

(c:/Users/henry/AppData/Roaming/TinyTeX/texmf-dist/tex/latex/graphics/lscape.st
y
Package: lscape 2020/05/28 v3.02 Landscape Pages (DPC)
)
Package pdflscape Info: Auto-detected driver: pdftex on input line 81.
) (c:/Users/henry/AppData/Roaming/TinyTeX/texmf-dist/tex/latex/tabu/tabu.sty
Package: tabu 2019/01/11 v2.9 - flexible LaTeX tabulars (FC+tabu-fixed)

(c:/Users/henry/AppData/Roaming/TinyTeX/texmf-dist/tex/latex/varwidth/varwidth.
sty
Package: varwidth 2009/03/30 ver 0.92;  Variable-width minipages
\@vwid@box=\box59
\sift@deathcycles=\count291
\@vwid@loff=\dimen183
\@vwid@roff=\dimen184
)
\c@taburow=\count292
\tabu@nbcols=\count293
\tabu@cnt=\count294
\tabu@Xcol=\count295
\tabu@alloc=\count296
\tabu@nested=\count297
\tabu@target=\dimen185
\tabu@spreadtarget=\dimen186
\tabu@naturalX=\dimen187
\tabucolX=\dimen188
\tabu@Xsum=\dimen189
\extrarowdepth=\dimen190
\abovetabulinesep=\dimen191
\belowtabulinesep=\dimen192
\tabustrutrule=\dimen193
\tabu@thebody=\toks32
\tabu@footnotes=\toks33
\tabu@box=\box60
\tabu@arstrutbox=\box61
\tabu@hleads=\box62
\tabu@vleads=\box63
\tabu@cellskip=\skip63
)
(c:/Users/henry/AppData/Roaming/TinyTeX/texmf-dist/tex/latex/threeparttable/thr
eeparttable.sty
Package: threeparttable 2003/06/13  v 3.0
\@tempboxb=\box64
)
(c:/Users/henry/AppData/Roaming/TinyTeX/texmf-dist/tex/latex/threeparttablex/th
reeparttablex.sty
Package: threeparttablex 2013/07/23 v0.3 by daleif

(c:/Users/henry/AppData/Roaming/TinyTeX/texmf-dist/tex/latex/environ/environ.st
y
Package: environ 2014/05/04 v0.3 A new way to define environments

(c:/Users/henry/AppData/Roaming/TinyTeX/texmf-dist/tex/latex/trimspaces/trimspa
ces.sty
Package: trimspaces 2009/09/17 v1.1 Trim spaces around a token list
))
\TPTL@width=\skip64
) (c:/Users/henry/AppData/Roaming/TinyTeX/texmf-dist/tex/generic/ulem/ulem.sty
\UL@box=\box65
\UL@hyphenbox=\box66
\UL@skip=\skip65
\UL@hook=\toks34
\UL@height=\dimen194
\UL@pe=\count298
\UL@pixel=\dimen195
\ULC@box=\box67
Package: ulem 2019/11/18
\ULdepth=\dimen196
)
(c:/Users/henry/AppData/Roaming/TinyTeX/texmf-dist/tex/latex/makecell/makecell.
sty
Package: makecell 2009/08/03 V0.1e Managing of Tab Column Heads and Cells
\rotheadsize=\dimen197
\c@nlinenum=\count299
\TeXr@lab=\toks35
)
(c:/Users/henry/AppData/Roaming/TinyTeX/texmf-dist/tex/latex/l3backend/l3backen
d-pdftex.def
File: l3backend-pdftex.def 2020-09-24 L3 backend support: PDF output (pdfTeX)
\l__kernel_color_stack_int=\count300
\l__pdf_internal_box=\box68
) (./009-appendices.aux

LaTeX Warning: Label `tab:summarystat' multiply defined.

)
\openout1 = `009-appendices.aux'.

LaTeX Font Info:    Checking defaults for OML/cmm/m/it on input line 94.
LaTeX Font Info:    ... okay on input line 94.
LaTeX Font Info:    Checking defaults for OMS/cmsy/m/n on input line 94.
LaTeX Font Info:    ... okay on input line 94.
LaTeX Font Info:    Checking defaults for OT1/cmr/m/n on input line 94.
LaTeX Font Info:    ... okay on input line 94.
LaTeX Font Info:    Checking defaults for T1/cmr/m/n on input line 94.
LaTeX Font Info:    ... okay on input line 94.
LaTeX Font Info:    Checking defaults for TS1/cmr/m/n on input line 94.
LaTeX Font Info:    ... okay on input line 94.
LaTeX Font Info:    Checking defaults for OMX/cmex/m/n on input line 94.
LaTeX Font Info:    ... okay on input line 94.
LaTeX Font Info:    Checking defaults for U/cmr/m/n on input line 94.
LaTeX Font Info:    ... okay on input line 94.
LaTeX Font Info:    Checking defaults for PD1/pdf/m/n on input line 94.
LaTeX Font Info:    ... okay on input line 94.
LaTeX Font Info:    Checking defaults for PU/pdf/m/n on input line 94.
LaTeX Font Info:    ... okay on input line 94.
LaTeX Info: Redefining \microtypecontext on input line 94.
Package microtype Info: Generating PDF output.
Package microtype Info: Character protrusion enabled (level 2).
Package microtype Info: Using protrusion set `basicmath'.
Package microtype Info: Automatic font expansion enabled (level 2),
(microtype)             stretch: 20, shrink: 20, step: 1, non-selected.
Package microtype Info: Using default expansion set `alltext-nott'.
LaTeX Info: Redefining \showhyphens on input line 94.
Package microtype Info: No adjustment of tracking.
Package microtype Info: No adjustment of interword spacing.
Package microtype Info: No adjustment of character kerning.

(c:/Users/henry/AppData/Roaming/TinyTeX/texmf-dist/tex/latex/microtype/mt-cmr.c
fg
File: mt-cmr.cfg 2013/05/19 v2.2 microtype config. file: Computer Modern Roman 
(RS)
)
(c:/Users/henry/AppData/Roaming/TinyTeX/texmf-dist/tex/latex/epstopdf-pkg/epsto
pdf-base.sty
Package: epstopdf-base 2020-01-24 v2.11 Base part for package epstopdf
Package epstopdf-base Info: Redefining graphics rule for `.eps' on input line 4
85.

(c:/Users/henry/AppData/Roaming/TinyTeX/texmf-dist/tex/latex/latexconfig/epstop
df-sys.cfg
File: epstopdf-sys.cfg 2010/07/13 v1.3 Configuration of (r)epstopdf for TeX Liv
e
))
Package hyperref Info: Link coloring ON on input line 94.

(c:/Users/henry/AppData/Roaming/TinyTeX/texmf-dist/tex/latex/hyperref/nameref.s
ty
Package: nameref 2019/09/16 v2.46 Cross-referencing by name of section

(c:/Users/henry/AppData/Roaming/TinyTeX/texmf-dist/tex/latex/refcount/refcount.
sty
Package: refcount 2019/12/15 v3.6 Data extraction from label references (HO)
)
(c:/Users/henry/AppData/Roaming/TinyTeX/texmf-dist/tex/generic/gettitlestring/g
ettitlestring.sty
Package: gettitlestring 2019/12/15 v1.6 Cleanup title references (HO)
)
\c@section@level=\count301
)
LaTeX Info: Redefining \ref on input line 94.
LaTeX Info: Redefining \pageref on input line 94.
LaTeX Info: Redefining \nameref on input line 94.
(./009-appendices.out) (./009-appendices.out)
\@outlinefile=\write3
\openout3 = `009-appendices.out'.

*geometry* driver: auto-detecting
*geometry* detected driver: pdftex
*geometry* verbose mode - [ preamble ] result:
* driver: pdftex
* paper: <default>
* layout: <same size as paper>
* layoutoffset:(h,v)=(0.0pt,0.0pt)
* modes: 
* h-part:(L,W,R)=(72.26999pt, 469.75502pt, 72.26999pt)
* v-part:(T,H,B)=(72.26999pt, 650.43001pt, 72.26999pt)
* \paperwidth=614.295pt
* \paperheight=794.96999pt
* \textwidth=469.75502pt
* \textheight=650.43001pt
* \oddsidemargin=0.0pt
* \evensidemargin=0.0pt
* \topmargin=-37.0pt
* \headheight=12.0pt
* \headsep=25.0pt
* \topskip=12.0pt
* \footskip=30.0pt
* \marginparwidth=44.0pt
* \marginparsep=10.0pt
* \columnsep=10.0pt
* \skip\footins=10.8pt plus 4.0pt minus 2.0pt
* \hoffset=0.0pt
* \voffset=0.0pt
* \mag=1000
* \@twocolumnfalse
* \@twosidefalse
* \@mparswitchfalse
* \@reversemarginfalse
* (1in=72.27pt=25.4mm, 1cm=28.453pt)

LaTeX Font Info:    Trying to load font information for OT1+lmr on input line 9
6.
(c:/Users/henry/AppData/Roaming/TinyTeX/texmf-dist/tex/latex/lm/ot1lmr.fd
File: ot1lmr.fd 2009/10/30 v1.6 Font defs for Latin Modern
)
LaTeX Font Info:    Trying to load font information for OML+lmm on input line 9
6.
(c:/Users/henry/AppData/Roaming/TinyTeX/texmf-dist/tex/latex/lm/omllmm.fd
File: omllmm.fd 2009/10/30 v1.6 Font defs for Latin Modern
)
LaTeX Font Info:    Trying to load font information for OMS+lmsy on input line 
96.
(c:/Users/henry/AppData/Roaming/TinyTeX/texmf-dist/tex/latex/lm/omslmsy.fd
File: omslmsy.fd 2009/10/30 v1.6 Font defs for Latin Modern
)
LaTeX Font Info:    Trying to load font information for OMX+lmex on input line 
96.
(c:/Users/henry/AppData/Roaming/TinyTeX/texmf-dist/tex/latex/lm/omxlmex.fd
File: omxlmex.fd 2009/10/30 v1.6 Font defs for Latin Modern
)
LaTeX Font Info:    External font `lmex10' loaded for size
(Font)              <14.4> on input line 96.
LaTeX Font Info:    External font `lmex10' loaded for size
(Font)              <10> on input line 96.
LaTeX Font Info:    External font `lmex10' loaded for size
(Font)              <7> on input line 96.
LaTeX Font Info:    Trying to load font information for U+msa on input line 96.

(c:/Users/henry/AppData/Roaming/TinyTeX/texmf-dist/tex/latex/amsfonts/umsa.fd
File: umsa.fd 2013/01/14 v3.01 AMS symbols A
)
(c:/Users/henry/AppData/Roaming/TinyTeX/texmf-dist/tex/latex/microtype/mt-msa.c
fg
File: mt-msa.cfg 2006/02/04 v1.1 microtype config. file: AMS symbols (a) (RS)
)
LaTeX Font Info:    Trying to load font information for U+msb on input line 96.

(c:/Users/henry/AppData/Roaming/TinyTeX/texmf-dist/tex/latex/amsfonts/umsb.fd
File: umsb.fd 2013/01/14 v3.01 AMS symbols B
)
(c:/Users/henry/AppData/Roaming/TinyTeX/texmf-dist/tex/latex/microtype/mt-msb.c
fg
File: mt-msb.cfg 2005/06/01 v1.0 microtype config. file: AMS symbols (b) (RS)
)
LaTeX Font Info:    Trying to load font information for T1+lmtt on input line 1
03.
(c:/Users/henry/AppData/Roaming/TinyTeX/texmf-dist/tex/latex/lm/t1lmtt.fd
File: t1lmtt.fd 2009/10/30 v1.6 Font defs for Latin Modern
)
<009-appendices_files/figure-latex/reg_graphs-1.pdf, id=44, 469.755pt x 325.215
pt>
File: 009-appendices_files/figure-latex/reg_graphs-1.pdf Graphic file (type pdf
)
<use 009-appendices_files/figure-latex/reg_graphs-1.pdf>
Package pdftex.def Info: 009-appendices_files/figure-latex/reg_graphs-1.pdf  us
ed on input line 108.
(pdftex.def)             Requested size: 469.75386pt x 325.2142pt.
<009-appendices_files/figure-latex/reg_graphs-2.pdf, id=45, 469.755pt x 325.215
pt>
File: 009-appendices_files/figure-latex/reg_graphs-2.pdf Graphic file (type pdf
)
<use 009-appendices_files/figure-latex/reg_graphs-2.pdf>
Package pdftex.def Info: 009-appendices_files/figure-latex/reg_graphs-2.pdf  us
ed on input line 108.
(pdftex.def)             Requested size: 469.75386pt x 325.2142pt.

Overfull \hbox (17.62366pt too wide) in paragraph at lines 108--109
[][]
 []

[1

{c:/Users/henry/AppData/Roaming/TinyTeX/texmf-var/fonts/map/pdftex/updmap/pdfte
x.map} <./009-appendices_files/figure-latex/reg_graphs-1.pdf>] [2 <./009-append
ices_files/figure-latex/reg_graphs-2.pdf>]
<009-appendices_files/figure-latex/GDPvsYIV-1.pdf, id=71, 469.755pt x 325.215pt
>
File: 009-appendices_files/figure-latex/GDPvsYIV-1.pdf Graphic file (type pdf)
<use 009-appendices_files/figure-latex/GDPvsYIV-1.pdf>
Package pdftex.def Info: 009-appendices_files/figure-latex/GDPvsYIV-1.pdf  used
 on input line 117.
(pdftex.def)             Requested size: 469.75386pt x 325.2142pt.
[3pdfTeX warning (ext4): destination with the same identifier (name{figure.1.1}
) has been already used, duplicate ignored
<argument> ...shipout:D \box_use:N \l_shipout_box 
                                                  
l.121 \newpage
               <./009-appendices_files/figure-latex/GDPvsYIV-1.pdf>]
LaTeX Font Info:    External font `lmex10' loaded for size
(Font)              <12> on input line 150.
LaTeX Font Info:    External font `lmex10' loaded for size
(Font)              <8> on input line 150.
LaTeX Font Info:    External font `lmex10' loaded for size
(Font)              <6> on input line 150.
[4] [5]
Overfull \hbox (10.21306pt too wide) in paragraph at lines 236--236
\T1/lmr/m/n/12 (-20) cept)_estimate|  
 []


Overfull \hbox (38.2546pt too wide) in paragraph at lines 236--236
[]\T1/lmr/m/n/12 (-20) (Intercept)_std.error|  
 []


Overfull \hbox (30.82162pt too wide) in paragraph at lines 236--236
[]\T1/lmr/m/n/12 (-20) (Intercept)_p.value|  
 []


Overfull \hbox (5.60779pt too wide) in paragraph at lines 236--236
[]\T1/lmr/m/n/12 (-20) YIV_estimate|  
 []


Overfull \hbox (6.24742pt too wide) in paragraph at lines 236--236
[]\T1/lmr/m/n/12 (-20) YIV_std.error|  
 []


Overfull \hbox (37.21083pt too wide) in alignment at lines 236--236
 [] [] [] [] [] [] 
 []

[6]
Overfull \hbox (10.21306pt too wide) in paragraph at lines 275--275
\T1/lmr/m/n/12 (-20) cept)_estimate|  
 []


Overfull \hbox (38.2546pt too wide) in paragraph at lines 275--275
[]\T1/lmr/m/n/12 (-20) (Intercept)_std.error|  
 []


Overfull \hbox (30.82162pt too wide) in paragraph at lines 275--275
[]\T1/lmr/m/n/12 (-20) (Intercept)_p.value|  
 []


Overfull \hbox (5.60779pt too wide) in paragraph at lines 275--275
[]\T1/lmr/m/n/12 (-20) YIV_estimate|  
 []


Overfull \hbox (6.24742pt too wide) in paragraph at lines 275--275
[]\T1/lmr/m/n/12 (-20) YIV_std.error|  
 []


Overfull \hbox (7.01567pt too wide) in paragraph at lines 275--275
[]\T1/lmr/m/n/12 (-20) dum_estimate|  
 []


Overfull \hbox (7.6553pt too wide) in paragraph at lines 275--275
[]\T1/lmr/m/n/12 (-20) dum_std.error|  
 []


Overfull \hbox (37.21083pt too wide) in alignment at lines 275--275
 [] [] [] [] [] [] 
 []

[7]
Overfull \hbox (10.21306pt too wide) in paragraph at lines 318--318
\T1/lmr/m/n/12 (-20) cept)_estimate|  
 []


Overfull \hbox (38.2546pt too wide) in paragraph at lines 318--318
[]\T1/lmr/m/n/12 (-20) (Intercept)_std.error|  
 []


Overfull \hbox (30.82162pt too wide) in paragraph at lines 318--318
[]\T1/lmr/m/n/12 (-20) (Intercept)_p.value|  
 []


Overfull \hbox (5.60779pt too wide) in paragraph at lines 318--318
[]\T1/lmr/m/n/12 (-20) YIV_estimate|  
 []


Overfull \hbox (6.24742pt too wide) in paragraph at lines 318--318
[]\T1/lmr/m/n/12 (-20) YIV_std.error|  
 []


Overfull \hbox (5.09584pt too wide) in paragraph at lines 318--318
[]\T1/lmr/m/n/12 (-20) lag4_estimate|  
 []


Overfull \hbox (5.73547pt too wide) in paragraph at lines 318--318
[]\T1/lmr/m/n/12 (-20) lag4_std.error|  
 []


Overfull \hbox (5.09584pt too wide) in paragraph at lines 318--318
[]\T1/lmr/m/n/12 (-20) lag6_estimate|  
 []


Overfull \hbox (5.73547pt too wide) in paragraph at lines 318--318
[]\T1/lmr/m/n/12 (-20) lag6_std.error|  
 []


Overfull \hbox (37.21083pt too wide) in alignment at lines 318--318
 [] [] [] [] [] [] 
 []

[8]
Overfull \hbox (10.21306pt too wide) in paragraph at lines 396--396
\T1/lmr/m/n/12 (-20) cept)_estimate|  
 []


Overfull \hbox (38.2546pt too wide) in paragraph at lines 396--396
[]\T1/lmr/m/n/12 (-20) (Intercept)_std.error|  
 []


Overfull \hbox (30.82162pt too wide) in paragraph at lines 396--396
[]\T1/lmr/m/n/12 (-20) (Intercept)_p.value|  
 []


Overfull \hbox (5.09584pt too wide) in paragraph at lines 396--396
[]\T1/lmr/m/n/12 (-20) lag4_estimate|  
 []


Overfull \hbox (5.73547pt too wide) in paragraph at lines 396--396
[]\T1/lmr/m/n/12 (-20) lag4_std.error|  
 []


Overfull \hbox (5.09584pt too wide) in paragraph at lines 396--396
[]\T1/lmr/m/n/12 (-20) lag6_estimate|  
 []


Overfull \hbox (5.73547pt too wide) in paragraph at lines 396--396
[]\T1/lmr/m/n/12 (-20) lag6_std.error|  
 []


Overfull \hbox (5.09584pt too wide) in paragraph at lines 396--396
[]\T1/lmr/m/n/12 (-20) lag8_estimate|  
 []


Overfull \hbox (5.73547pt too wide) in paragraph at lines 396--396
[]\T1/lmr/m/n/12 (-20) lag8_std.error|  
 []


Overfull \hbox (10.85333pt too wide) in paragraph at lines 396--396
[]\T1/lmr/m/n/12 (-20) lag10_estimate|  
 []


Overfull \hbox (11.49297pt too wide) in paragraph at lines 396--396
[]\T1/lmr/m/n/12 (-20) lag10_std.error|  
 []


Overfull \hbox (4.06pt too wide) in paragraph at lines 396--396
[]\T1/lmr/m/n/12 (-20) lag10_p.value|  
 []


Overfull \hbox (10.85333pt too wide) in paragraph at lines 396--396
[]\T1/lmr/m/n/12 (-20) lag12_estimate|  
 []


Overfull \hbox (11.49297pt too wide) in paragraph at lines 396--396
[]\T1/lmr/m/n/12 (-20) lag12_std.error|  
 []


Overfull \hbox (4.06pt too wide) in paragraph at lines 396--396
[]\T1/lmr/m/n/12 (-20) lag12_p.value|  
 []


Overfull \hbox (14.6087pt too wide) in paragraph at lines 396--396
[]\T1/lmr/m/n/12 (-20) DGS1_estimate|  
 []


Overfull \hbox (15.24834pt too wide) in paragraph at lines 396--396
[]\T1/lmr/m/n/12 (-20) DGS1_std.error|  
 []


Overfull \hbox (7.81537pt too wide) in paragraph at lines 396--396
[]\T1/lmr/m/n/12 (-20) DGS1_p.value|  
 []


Overfull \hbox (20.3662pt too wide) in paragraph at lines 396--396
[]\T1/lmr/m/n/12 (-20) DGS10_estimate|  
 []


Overfull \hbox (21.00583pt too wide) in paragraph at lines 396--396
[]\T1/lmr/m/n/12 (-20) DGS10_std.error|  
 []


Overfull \hbox (13.57286pt too wide) in paragraph at lines 396--396
[]\T1/lmr/m/n/12 (-20) DGS10_p.value|  
 []


Overfull \hbox (14.6087pt too wide) in paragraph at lines 396--396
[]\T1/lmr/m/n/12 (-20) DGS5_estimate|  
 []


Overfull \hbox (15.24834pt too wide) in paragraph at lines 396--396
[]\T1/lmr/m/n/12 (-20) DGS5_std.error|  
 []


Overfull \hbox (7.81537pt too wide) in paragraph at lines 396--396
[]\T1/lmr/m/n/12 (-20) DGS5_p.value|  
 []


Overfull \hbox (34.11658pt too wide) in paragraph at lines 396--396
[]\T1/lmr/m/n/12 (-20) DGS3MO_estimate|  
 []


Overfull \hbox (34.75621pt too wide) in paragraph at lines 396--396
[]\T1/lmr/m/n/12 (-20) DGS3MO_std.error|  
 []


Overfull \hbox (27.32324pt too wide) in paragraph at lines 396--396
[]\T1/lmr/m/n/12 (-20) DGS3MO_p.value|  
 []


Overfull \hbox (34.5736pt too wide) in paragraph at lines 396--396
[]\T1/lmr/m/n/12 (-20) TRM0506_estimate|  
 []


Overfull \hbox (35.21323pt too wide) in paragraph at lines 396--396
[]\T1/lmr/m/n/12 (-20) TRM0506_std.error|  
 []


Overfull \hbox (27.78026pt too wide) in paragraph at lines 396--396
[]\T1/lmr/m/n/12 (-20) TRM0506_p.value|  
 []


Overfull \hbox (28.89987pt too wide) in paragraph at lines 396--396
[]\T1/lmr/m/n/12 (-20) SRT03M_estimate|  
 []


Overfull \hbox (29.5395pt too wide) in paragraph at lines 396--396
[]\T1/lmr/m/n/12 (-20) SRT03M_std.error|  
 []


Overfull \hbox (22.10654pt too wide) in paragraph at lines 396--396
[]\T1/lmr/m/n/12 (-20) SRT03M_p.value|  
 []


Overfull \hbox (10.08542pt too wide) in paragraph at lines 396--396
[]\T1/lmr/m/n/12 (-20) AAA_estimate|  
 []


Overfull \hbox (10.72505pt too wide) in paragraph at lines 396--396
[]\T1/lmr/m/n/12 (-20) AAA_std.error|  
 []


Overfull \hbox (3.29208pt too wide) in paragraph at lines 396--396
[]\T1/lmr/m/n/12 (-20) AAA_p.value|  
 []


Overfull \hbox (18.83743pt too wide) in paragraph at lines 396--396
[]\T1/lmr/m/n/12 (-20) DBAA_estimate|  
 []


Overfull \hbox (19.47707pt too wide) in paragraph at lines 396--396
[]\T1/lmr/m/n/12 (-20) DBAA_std.error|  
 []


Overfull \hbox (12.0441pt too wide) in paragraph at lines 396--396
[]\T1/lmr/m/n/12 (-20) DBAA_p.value|  
 []


Overfull \hbox (5.60779pt too wide) in paragraph at lines 396--396
[]\T1/lmr/m/n/12 (-20) VIX_estimate|  
 []


Overfull \hbox (6.24742pt too wide) in paragraph at lines 396--396
[]\T1/lmr/m/n/12 (-20) VIX_std.error|  
 []


Overfull \hbox (19.8739pt too wide) in paragraph at lines 396--396
[]\T1/lmr/m/n/12 (-20) housng_estimate|  
 []


Overfull \hbox (20.51353pt too wide) in paragraph at lines 396--396
[]\T1/lmr/m/n/12 (-20) housng_std.error|  
 []


Overfull \hbox (13.08057pt too wide) in paragraph at lines 396--396
[]\T1/lmr/m/n/12 (-20) housng_p.value|  
 []


Overfull \hbox (37.21083pt too wide) in alignment at lines 396--396
 [] [] [] [] [] [] 
 []

[9] [10]
Overfull \hbox (10.21306pt too wide) in paragraph at lines 481--481
\T1/lmr/m/n/12 (-20) cept)_estimate|  
 []


Overfull \hbox (38.2546pt too wide) in paragraph at lines 481--481
[]\T1/lmr/m/n/12 (-20) (Intercept)_std.error|  
 []


Overfull \hbox (30.82162pt too wide) in paragraph at lines 481--481
[]\T1/lmr/m/n/12 (-20) (Intercept)_p.value|  
 []


Overfull \hbox (5.60779pt too wide) in paragraph at lines 481--481
[]\T1/lmr/m/n/12 (-20) YIV_estimate|  
 []


Overfull \hbox (6.24742pt too wide) in paragraph at lines 481--481
[]\T1/lmr/m/n/12 (-20) YIV_std.error|  
 []


Overfull \hbox (7.01567pt too wide) in paragraph at lines 481--481
[]\T1/lmr/m/n/12 (-20) dum_estimate|  
 []


Overfull \hbox (7.6553pt too wide) in paragraph at lines 481--481
[]\T1/lmr/m/n/12 (-20) dum_std.error|  
 []


Overfull \hbox (5.09584pt too wide) in paragraph at lines 481--481
[]\T1/lmr/m/n/12 (-20) lag4_estimate|  
 []


Overfull \hbox (5.73547pt too wide) in paragraph at lines 481--481
[]\T1/lmr/m/n/12 (-20) lag4_std.error|  
 []


Overfull \hbox (5.09584pt too wide) in paragraph at lines 481--481
[]\T1/lmr/m/n/12 (-20) lag6_estimate|  
 []


Overfull \hbox (5.73547pt too wide) in paragraph at lines 481--481
[]\T1/lmr/m/n/12 (-20) lag6_std.error|  
 []


Overfull \hbox (5.09584pt too wide) in paragraph at lines 481--481
[]\T1/lmr/m/n/12 (-20) lag8_estimate|  
 []


Overfull \hbox (5.73547pt too wide) in paragraph at lines 481--481
[]\T1/lmr/m/n/12 (-20) lag8_std.error|  
 []


Overfull \hbox (10.85333pt too wide) in paragraph at lines 481--481
[]\T1/lmr/m/n/12 (-20) lag10_estimate|  
 []


Overfull \hbox (11.49297pt too wide) in paragraph at lines 481--481
[]\T1/lmr/m/n/12 (-20) lag10_std.error|  
 []


Overfull \hbox (4.06pt too wide) in paragraph at lines 481--481
[]\T1/lmr/m/n/12 (-20) lag10_p.value|  
 []


Overfull \hbox (10.85333pt too wide) in paragraph at lines 481--481
[]\T1/lmr/m/n/12 (-20) lag12_estimate|  
 []


Overfull \hbox (11.49297pt too wide) in paragraph at lines 481--481
[]\T1/lmr/m/n/12 (-20) lag12_std.error|  
 []


Overfull \hbox (4.06pt too wide) in paragraph at lines 481--481
[]\T1/lmr/m/n/12 (-20) lag12_p.value|  
 []


Overfull \hbox (14.6087pt too wide) in paragraph at lines 481--481
[]\T1/lmr/m/n/12 (-20) DGS1_estimate|  
 []


Overfull \hbox (15.24834pt too wide) in paragraph at lines 481--481
[]\T1/lmr/m/n/12 (-20) DGS1_std.error|  
 []


Overfull \hbox (7.81537pt too wide) in paragraph at lines 481--481
[]\T1/lmr/m/n/12 (-20) DGS1_p.value|  
 []


Overfull \hbox (20.3662pt too wide) in paragraph at lines 481--481
[]\T1/lmr/m/n/12 (-20) DGS10_estimate|  
 []


Overfull \hbox (21.00583pt too wide) in paragraph at lines 481--481
[]\T1/lmr/m/n/12 (-20) DGS10_std.error|  
 []


Overfull \hbox (13.57286pt too wide) in paragraph at lines 481--481
[]\T1/lmr/m/n/12 (-20) DGS10_p.value|  
 []


Overfull \hbox (14.6087pt too wide) in paragraph at lines 481--481
[]\T1/lmr/m/n/12 (-20) DGS5_estimate|  
 []


Overfull \hbox (15.24834pt too wide) in paragraph at lines 481--481
[]\T1/lmr/m/n/12 (-20) DGS5_std.error|  
 []


Overfull \hbox (7.81537pt too wide) in paragraph at lines 481--481
[]\T1/lmr/m/n/12 (-20) DGS5_p.value|  
 []


Overfull \hbox (34.11658pt too wide) in paragraph at lines 481--481
[]\T1/lmr/m/n/12 (-20) DGS3MO_estimate|  
 []


Overfull \hbox (34.75621pt too wide) in paragraph at lines 481--481
[]\T1/lmr/m/n/12 (-20) DGS3MO_std.error|  
 []


Overfull \hbox (27.32324pt too wide) in paragraph at lines 481--481
[]\T1/lmr/m/n/12 (-20) DGS3MO_p.value|  
 []


Overfull \hbox (34.5736pt too wide) in paragraph at lines 481--481
[]\T1/lmr/m/n/12 (-20) TRM0506_estimate|  
 []


Overfull \hbox (35.21323pt too wide) in paragraph at lines 481--481
[]\T1/lmr/m/n/12 (-20) TRM0506_std.error|  
 []


Overfull \hbox (27.78026pt too wide) in paragraph at lines 481--481
[]\T1/lmr/m/n/12 (-20) TRM0506_p.value|  
 []


Overfull \hbox (28.89987pt too wide) in paragraph at lines 481--481
[]\T1/lmr/m/n/12 (-20) SRT03M_estimate|  
 []


Overfull \hbox (29.5395pt too wide) in paragraph at lines 481--481
[]\T1/lmr/m/n/12 (-20) SRT03M_std.error|  
 []


Overfull \hbox (22.10654pt too wide) in paragraph at lines 481--481
[]\T1/lmr/m/n/12 (-20) SRT03M_p.value|  
 []


Overfull \hbox (10.08542pt too wide) in paragraph at lines 481--481
[]\T1/lmr/m/n/12 (-20) AAA_estimate|  
 []


Overfull \hbox (10.72505pt too wide) in paragraph at lines 481--481
[]\T1/lmr/m/n/12 (-20) AAA_std.error|  
 []


Overfull \hbox (3.29208pt too wide) in paragraph at lines 481--481
[]\T1/lmr/m/n/12 (-20) AAA_p.value|  
 []


Overfull \hbox (18.83743pt too wide) in paragraph at lines 481--481
[]\T1/lmr/m/n/12 (-20) DBAA_estimate|  
 []


Overfull \hbox (19.47707pt too wide) in paragraph at lines 481--481
[]\T1/lmr/m/n/12 (-20) DBAA_std.error|  
 []


Overfull \hbox (12.0441pt too wide) in paragraph at lines 481--481
[]\T1/lmr/m/n/12 (-20) DBAA_p.value|  
 []


Overfull \hbox (5.60779pt too wide) in paragraph at lines 481--481
[]\T1/lmr/m/n/12 (-20) VIX_estimate|  
 []


Overfull \hbox (6.24742pt too wide) in paragraph at lines 481--481
[]\T1/lmr/m/n/12 (-20) VIX_std.error|  
 []


Overfull \hbox (19.8739pt too wide) in paragraph at lines 481--481
[]\T1/lmr/m/n/12 (-20) housng_estimate|  
 []


Overfull \hbox (20.51353pt too wide) in paragraph at lines 481--481
[]\T1/lmr/m/n/12 (-20) housng_std.error|  
 []


Overfull \hbox (13.08057pt too wide) in paragraph at lines 481--481
[]\T1/lmr/m/n/12 (-20) housng_p.value|  
 []


Overfull \hbox (37.21083pt too wide) in alignment at lines 481--481
 [] [] [] [] [] [] 
 []

[11] [12]
Overfull \hbox (60.0839pt too wide) in paragraph at lines 490--507
 [][] 
 []

<009-appendices_files/figure-latex/roll_regress-1.pdf, id=145, 469.755pt x 325.
215pt>
File: 009-appendices_files/figure-latex/roll_regress-1.pdf Graphic file (type p
df)
<use 009-appendices_files/figure-latex/roll_regress-1.pdf>
Package pdftex.def Info: 009-appendices_files/figure-latex/roll_regress-1.pdf  
used on input line 509.
(pdftex.def)             Requested size: 469.75386pt x 325.2142pt.
[13 <./009-appendices_files/figure-latex/roll_regress-1.pdf>] (./009-appendices
.aux)
Package rerunfilecheck Info: File `009-appendices.out' has not changed.
(rerunfilecheck)             Checksum: 64329C314A8B89A49CEE1223DCC2DC17;1114.

LaTeX Warning: There were multiply-defined labels.

 ) 
Here is how much of TeX's memory you used:
 14269 strings out of 481331
 213451 string characters out of 5916229
 616140 words of memory out of 5000000
 30709 multiletter control sequences out of 15000+600000
 460597 words of font info for 112 fonts, out of 8000000 for 9000
 14 hyphenation exceptions out of 8191
 66i,11n,72p,342b,609s stack positions out of 5000i,500n,10000p,200000b,80000s
{c:/Users/henry/AppData/Roaming/TinyTeX/texmf-dist/fonts/enc/dvips/lm/lm-rm.e
nc}{c:/Users/henry/AppData/Roaming/TinyTeX/texmf-dist/fonts/enc/dvips/lm/lm-mat
hit.enc}{c:/Users/henry/AppData/Roaming/TinyTeX/texmf-dist/fonts/enc/dvips/lm/l
m-mathex.enc}{c:/Users/henry/AppData/Roaming/TinyTeX/texmf-dist/fonts/enc/dvips
/lm/lm-ec.enc}<c:/Users/henry/AppData/Roaming/TinyTeX/texmf-dist/fonts/type1/pu
blic/lm/lmbx12.pfb><c:/Users/henry/AppData/Roaming/TinyTeX/texmf-dist/fonts/typ
e1/public/lm/lmex10.pfb><c:/Users/henry/AppData/Roaming/TinyTeX/texmf-dist/font
s/type1/public/lm/lmmi12.pfb><c:/Users/henry/AppData/Roaming/TinyTeX/texmf-dist
/fonts/type1/public/lm/lmmi8.pfb><c:/Users/henry/AppData/Roaming/TinyTeX/texmf-
dist/fonts/type1/public/lm/lmr12.pfb><c:/Users/henry/AppData/Roaming/TinyTeX/te
xmf-dist/fonts/type1/public/lm/lmr17.pfb><c:/Users/henry/AppData/Roaming/TinyTe
X/texmf-dist/fonts/type1/public/lm/lmr8.pfb><c:/Users/henry/AppData/Roaming/Tin
yTeX/texmf-dist/fonts/type1/public/lm/lmri12.pfb><c:/Users/henry/AppData/Roamin
g/TinyTeX/texmf-dist/fonts/type1/public/lm/lmtt12.pfb>
Output written on 009-appendices.pdf (13 pages, 185228 bytes).
PDF statistics:
 205 PDF objects out of 1000 (max. 8388607)
 171 compressed objects within 2 object streams
 46 named destinations out of 1000 (max. 500000)
 30821 words of extra memory for PDF output out of 35830 (max. 10000000)

